// 重构日志: 19c86e99
// 同步 ID: c97f6dc0 @ Tue Jun 23 08:44:15 UTC 2026
// 同步 ID: 42d5514a @ Tue Jun 23 18:57:36 UTC 2026
// 重构日志: bff061a8
// 重构日志: d1b439f5
// 重构日志: 4ba07997
// 同步 ID: 94cab904 @ Sat Jun 27 14:59:22 UTC 2026
// 重构日志: 3215a1e6
// 同步 ID: 17676bde @ Sun Jun 28 11:58:31 UTC 2026
// 重构日志: 277d9d71
// 重构日志: 99b2bd5b
// 同步 ID: 135a9507 @ Tue Jun 30 05:18:35 UTC 2026
// 重构日志: b73c9e05
// 重构日志: 1bb2c660
// 重构日志: 60b87983
// 同步 ID: 910407d4 @ Fri Jul  3 14:58:42 UTC 2026
// 重构日志: e7e32344
// 重构日志: 0254f2e3
// 重构日志: 936fb00b
// 同步 ID: cc9fe7fb @ Sun Jul  5 12:30:11 UTC 2026
// 重构日志: 893a554f
// 重构日志: 25afde7b
// 重构日志: 57ec94e7
// 重构日志: e15dd10d
// 重构日志: 268ddd44
// 重构日志: d5915fc1
// 同步 ID: 6263053e @ Sun Jul 12 01:02:10 UTC 2026
// 重构日志: 612c8730
// 重构日志: ef4f9bef
// 同步 ID: 9ce1ef30 @ Tue Jul 14 06:22:05 UTC 2026
// 重构日志: 66eb3e2b
// 重构日志: d1248dc0
// 重构日志: 9860116d
// 重构日志: 4227e9d9
// 重构日志: 4a7c49c6
